<?xml version="1.0" encoding="UTF-8"?>
<!-- Generated by org.testng.reporters.JUnitXMLReporter -->
<testsuite hostname="HIGURP78024" ignored="0" name="Chrome test" tests="8" failures="0" timestamp="2020-03-30T15:16:32 IST" time="171.135" errors="0">
  <testcase name="checkScrollDown" time="1.794" classname="com.snapdeal.testcases.LoginTest"/>
  <testcase name="validateTitle" time="0.062" classname="com.snapdeal.testcases.LoginTest"/>
  <testcase name="validateUserLogin" time="27.441" classname="com.snapdeal.testcases.LoginTest"/>
  <testcase name="validatePageTitle" time="0.02" classname="com.snapdeal.testcases.HomePageTest"/>
  <testcase name="validateTag" time="2.054" classname="com.snapdeal.testcases.HomePageTest"/>
  <testcase name="selectProduct" time="17.743" classname="com.snapdeal.testcases.HomePageTest"/>
  <testcase name="addingInCart" time="8.634" classname="com.snapdeal.testcases.ProductTest"/>
  <testcase name="addressUpdate" time="1.636" classname="com.snapdeal.testcases.ProfileUpdateTest"/>
</testsuite> <!-- Chrome test -->
