<?xml version="1.0" encoding="UTF-8"?>
<!-- Generated by org.testng.reporters.JUnitXMLReporter -->
<testsuite hostname="HIGURP78024" ignored="0" name="Chrome test" tests="3" failures="0" timestamp="2020-03-30T14:05:41 IST" time="20.538" errors="0">
  <testcase name="checkScrollDown" time="2.047" classname="com.snapdeal.testcases.LoginTest"/>
  <testcase name="validateTitle" time="0.061" classname="com.snapdeal.testcases.LoginTest"/>
  <testcase name="validateUserLogin" time="6.165" classname="com.snapdeal.testcases.LoginTest"/>
</testsuite> <!-- Chrome test -->
