<?xml version="1.0" encoding="UTF-8" ?>
<testsuite tests="16" failures="1" name="TestSuite" time="1.806" errors="0" skipped="15">
  <properties>
[...]
</properties>
  <testcase classname="com.snapdeal.testcases.HomePageTest" name="browserInvoke" time="0.859">
    <failure message="
Parameter &apos;browser&apos; is required by BeforeTest on method browserInvoke but has not been marked @Optional or defined
" type="org.testng.TestNGException">org.testng.TestNGException: 
Parameter &apos;browser&apos; is required by BeforeTest on method browserInvoke but has not been marked @Optional or defined

	at org.testng.internal.Parameters.createParams(Parameters.java:272)
	at org.testng.internal.Parameters.createParametersForMethod(Parameters.java:360)
	at org.testng.internal.Parameters.createParameters(Parameters.java:704)
	at org.testng.internal.Parameters.createConfigurationParameters(Parameters.java:166)
	at org.testng.internal.ConfigInvoker.invokeConfigurations(ConfigInvoker.java:283)
	at org.testng.TestRunner.invokeTestConfigurations(TestRunner.java:619)
	at org.testng.TestRunner.beforeRun(TestRunner.java:609)
	at org.testng.TestRunner.run(TestRunner.java:580)
	at org.testng.SuiteRunner.runTest(SuiteRunner.java:384)
	at org.testng.SuiteRunner.runSequentially(SuiteRunner.java:378)
	at org.testng.SuiteRunner.privateRun(SuiteRunner.java:337)
	at org.testng.SuiteRunner.run(SuiteRunner.java:286)
	at org.testng.SuiteRunnerWorker.runSuite(SuiteRunnerWorker.java:53)
	at org.testng.SuiteRunnerWorker.run(SuiteRunnerWorker.java:96)
	at org.testng.TestNG.runSuitesSequentially(TestNG.java:1187)
	at org.testng.TestNG.runSuitesLocally(TestNG.java:1109)
	at org.testng.TestNG.runSuites(TestNG.java:1039)
	at org.testng.TestNG.run(TestNG.java:1007)
	at org.apache.maven.surefire.testng.TestNGExecutor.run(TestNGExecutor.java:77)
	at org.apache.maven.surefire.testng.TestNGDirectoryTestSuite.executeMulti(TestNGDirectoryTestSuite.java:159)
	at org.apache.maven.surefire.testng.TestNGDirectoryTestSuite.execute(TestNGDirectoryTestSuite.java:99)
	at org.apache.maven.surefire.testng.TestNGProvider.invoke(TestNGProvider.java:106)
	at sun.reflect.NativeMethodAccessorImpl.invoke0(Native Method)
	at sun.reflect.NativeMethodAccessorImpl.invoke(NativeMethodAccessorImpl.java:62)
	at sun.reflect.DelegatingMethodAccessorImpl.invoke(DelegatingMethodAccessorImpl.java:43)
	at java.lang.reflect.Method.invoke(Method.java:498)
	at org.apache.maven.surefire.util.ReflectionUtils.invokeMethodWithArray(ReflectionUtils.java:189)
	at org.apache.maven.surefire.booter.ProviderFactory$ProviderProxy.invoke(ProviderFactory.java:165)
	at org.apache.maven.surefire.booter.ProviderFactory.invokeProvider(ProviderFactory.java:85)
	at org.apache.maven.surefire.booter.ForkedBooter.runSuitesInProcess(ForkedBooter.java:115)
	at org.apache.maven.surefire.booter.ForkedBooter.main(ForkedBooter.java:75)
</failure>
    <system-out>Configuring TestNG with: org.apache.maven.surefire.testng.conf.TestNG652Configurator@282ba1e
</system-out>
  </testcase>
  <testcase classname="com.snapdeal.testcases.LoginTest" name="browserInitiate" time="0.86">
    <skipped/>
  </testcase>
  <testcase classname="com.snapdeal.testcases.HomePageTest" name="validateTag" time="0.001">
    <skipped/>
  </testcase>
  <testcase classname="com.snapdeal.testcases.HomePageTest" name="validatePageTitle" time="0">
    <skipped/>
  </testcase>
  <testcase classname="com.snapdeal.testcases.HomePageTest" name="selectProduct" time="0">
    <skipped/>
  </testcase>
  <testcase classname="com.snapdeal.testcases.LoginTest" name="checkScrollDown" time="0">
    <skipped/>
  </testcase>
  <testcase classname="com.snapdeal.testcases.LoginTest" name="validateTitle" time="0">
    <skipped/>
  </testcase>
  <testcase classname="com.snapdeal.testcases.LoginTest" name="validateUserLogin" time="0">
    <skipped/>
  </testcase>
  <testcase classname="com.snapdeal.testcases.ProductTest" name="setUp" time="0.001">
    <skipped/>
  </testcase>
  <testcase classname="com.snapdeal.testcases.ProductTest" name="addingInCart" time="0.001">
    <skipped/>
  </testcase>
  <testcase classname="com.snapdeal.testcases.ProductTest" name="tearDown" time="0.001">
    <skipped/>
  </testcase>
  <testcase classname="com.snapdeal.testcases.ProfileUpdateTest" name="setUp" time="0.002">
    <skipped/>
  </testcase>
  <testcase classname="com.snapdeal.testcases.ProfileUpdateTest" name="addressUpdate" time="0">
    <skipped/>
  </testcase>
  <testcase classname="com.snapdeal.testcases.HomePageTest" name="tearDown" time="0">
    <skipped/>
  </testcase>
  <testcase classname="com.snapdeal.testcases.LoginTest" name="quit" time="0">
    <skipped/>
  </testcase>
  <testcase classname="com.snapdeal.testcases.ProfileUpdateTest" name="tearDown" time="0.081">
    <skipped/>
  </testcase>
</testsuite>