<?xml version="1.0" encoding="UTF-8"?>
<testng-results skipped="0" failed="0" ignored="0" total="8" passed="8">
  <reporter-output>
  </reporter-output>
  <suite name="Suite" duration-ms="171135" started-at="2020-03-30T15:13:41 IST" finished-at="2020-03-30T15:16:32 IST">
    <groups>
      <group name="First Group">
        <method signature="LoginTest.checkScrollDown()[pri:1, instance:com.snapdeal.testcases.LoginTest@23faf8f2]" name="checkScrollDown" class="com.snapdeal.testcases.LoginTest"/>
        <method signature="LoginTest.validateTitle()[pri:2, instance:com.snapdeal.testcases.LoginTest@23faf8f2]" name="validateTitle" class="com.snapdeal.testcases.LoginTest"/>
        <method signature="LoginTest.validateUserLogin()[pri:3, instance:com.snapdeal.testcases.LoginTest@23faf8f2]" name="validateUserLogin" class="com.snapdeal.testcases.LoginTest"/>
      </group> <!-- First Group -->
    </groups>
    <test name="Chrome test" duration-ms="171135" started-at="2020-03-30T15:13:41 IST" finished-at="2020-03-30T15:16:32 IST">
      <class name="com.snapdeal.testcases.ProductTest">
        <test-method status="PASS" signature="setUp(java.lang.String)[pri:0, instance:com.snapdeal.testcases.ProductTest@4e7dc304]" name="setUp" is-config="true" duration-ms="30596" started-at="2020-03-30T15:15:04 IST" finished-at="2020-03-30T15:15:34 IST">
          <params>
            <param index="0">
              <value>
                <![CDATA[chrome]]>
              </value>
            </param>
          </params>
          <reporter-output>
          </reporter-output>
        </test-method> <!-- setUp -->
        <test-method status="PASS" signature="addingInCart()[pri:0, instance:com.snapdeal.testcases.ProductTest@4e7dc304]" name="addingInCart" duration-ms="8634" started-at="2020-03-30T15:15:34 IST" finished-at="2020-03-30T15:15:43 IST">
          <reporter-output>
          </reporter-output>
        </test-method> <!-- addingInCart -->
        <test-method status="PASS" signature="tearDown()[pri:0, instance:com.snapdeal.testcases.ProductTest@4e7dc304]" name="tearDown" is-config="true" duration-ms="4414" started-at="2020-03-30T15:15:43 IST" finished-at="2020-03-30T15:15:47 IST">
          <reporter-output>
          </reporter-output>
        </test-method> <!-- tearDown -->
      </class> <!-- com.snapdeal.testcases.ProductTest -->
      <class name="com.snapdeal.testcases.HomePageTest">
        <test-method status="PASS" signature="browserInvoke(java.lang.String)[pri:0, instance:com.snapdeal.testcases.HomePageTest@2d6eabae]" name="browserInvoke" is-config="true" duration-ms="14917" started-at="2020-03-30T15:14:24 IST" finished-at="2020-03-30T15:14:39 IST">
          <params>
            <param index="0">
              <value>
                <![CDATA[chrome]]>
              </value>
            </param>
          </params>
          <reporter-output>
          </reporter-output>
        </test-method> <!-- browserInvoke -->
        <test-method status="PASS" signature="validatePageTitle()[pri:1, instance:com.snapdeal.testcases.HomePageTest@2d6eabae]" name="validatePageTitle" duration-ms="20" started-at="2020-03-30T15:14:39 IST" finished-at="2020-03-30T15:14:39 IST">
          <reporter-output>
          </reporter-output>
        </test-method> <!-- validatePageTitle -->
        <test-method status="PASS" signature="validateTag()[pri:2, instance:com.snapdeal.testcases.HomePageTest@2d6eabae]" name="validateTag" duration-ms="2054" started-at="2020-03-30T15:14:39 IST" finished-at="2020-03-30T15:14:41 IST">
          <reporter-output>
          </reporter-output>
        </test-method> <!-- validateTag -->
        <test-method status="PASS" signature="selectProduct()[pri:3, instance:com.snapdeal.testcases.HomePageTest@2d6eabae]" name="selectProduct" duration-ms="17743" started-at="2020-03-30T15:14:41 IST" finished-at="2020-03-30T15:14:58 IST">
          <reporter-output>
          </reporter-output>
        </test-method> <!-- selectProduct -->
        <test-method status="PASS" signature="tearDown()[pri:0, instance:com.snapdeal.testcases.HomePageTest@2d6eabae]" name="tearDown" is-config="true" duration-ms="5353" started-at="2020-03-30T15:14:58 IST" finished-at="2020-03-30T15:15:04 IST">
          <reporter-output>
          </reporter-output>
        </test-method> <!-- tearDown -->
      </class> <!-- com.snapdeal.testcases.HomePageTest -->
      <class name="com.snapdeal.testcases.ProfileUpdateTest">
        <test-method status="PASS" signature="setUp(java.lang.String)[pri:0, instance:com.snapdeal.testcases.ProfileUpdateTest@64729b1e]" name="setUp" is-config="true" duration-ms="39548" started-at="2020-03-30T15:15:47 IST" finished-at="2020-03-30T15:16:27 IST">
          <params>
            <param index="0">
              <value>
                <![CDATA[chrome]]>
              </value>
            </param>
          </params>
          <reporter-output>
          </reporter-output>
        </test-method> <!-- setUp -->
        <test-method status="PASS" signature="addressUpdate()[pri:0, instance:com.snapdeal.testcases.ProfileUpdateTest@64729b1e]" name="addressUpdate" duration-ms="1636" started-at="2020-03-30T15:16:27 IST" finished-at="2020-03-30T15:16:29 IST">
          <reporter-output>
          </reporter-output>
        </test-method> <!-- addressUpdate -->
        <test-method status="PASS" signature="tearDown()[pri:0, instance:com.snapdeal.testcases.ProfileUpdateTest@64729b1e]" name="tearDown" is-config="true" duration-ms="3855" started-at="2020-03-30T15:16:29 IST" finished-at="2020-03-30T15:16:32 IST">
          <reporter-output>
          </reporter-output>
        </test-method> <!-- tearDown -->
      </class> <!-- com.snapdeal.testcases.ProfileUpdateTest -->
      <class name="com.snapdeal.testcases.LoginTest">
        <test-method status="PASS" signature="browserInitiate(java.lang.String)[pri:0, instance:com.snapdeal.testcases.LoginTest@23faf8f2]" name="browserInitiate" is-config="true" duration-ms="11891" started-at="2020-03-30T15:13:41 IST" finished-at="2020-03-30T15:13:53 IST">
          <params>
            <param index="0">
              <value>
                <![CDATA[chrome]]>
              </value>
            </param>
          </params>
          <reporter-output>
          </reporter-output>
        </test-method> <!-- browserInitiate -->
        <test-method status="PASS" signature="checkScrollDown()[pri:1, instance:com.snapdeal.testcases.LoginTest@23faf8f2]" name="checkScrollDown" duration-ms="1794" started-at="2020-03-30T15:13:53 IST" finished-at="2020-03-30T15:13:55 IST">
          <reporter-output>
          </reporter-output>
        </test-method> <!-- checkScrollDown -->
        <test-method status="PASS" signature="validateTitle()[pri:2, instance:com.snapdeal.testcases.LoginTest@23faf8f2]" name="validateTitle" duration-ms="62" started-at="2020-03-30T15:13:55 IST" finished-at="2020-03-30T15:13:55 IST">
          <reporter-output>
          </reporter-output>
        </test-method> <!-- validateTitle -->
        <test-method status="PASS" signature="validateUserLogin()[pri:3, instance:com.snapdeal.testcases.LoginTest@23faf8f2]" name="validateUserLogin" duration-ms="27441" started-at="2020-03-30T15:13:55 IST" finished-at="2020-03-30T15:14:23 IST">
          <reporter-output>
          </reporter-output>
        </test-method> <!-- validateUserLogin -->
        <test-method status="PASS" signature="quit()[pri:0, instance:com.snapdeal.testcases.LoginTest@23faf8f2]" name="quit" is-config="true" duration-ms="1079" started-at="2020-03-30T15:14:23 IST" finished-at="2020-03-30T15:14:24 IST">
          <reporter-output>
          </reporter-output>
        </test-method> <!-- quit -->
      </class> <!-- com.snapdeal.testcases.LoginTest -->
    </test> <!-- Chrome test -->
  </suite> <!-- Suite -->
</testng-results>
